root - INFO - Starting Analysing Java Repositories for evolution of antlr4 patterns...
root - INFO - Started processing repository -- bozsahin/ceng444 with repo id - 151
root -root - INFO - Started processing repository -- 52Jolynn/SqlParser with repo id - 2
root - INFO - Started processing repository -- Adrodoc/MPL with repo id - 3
root - INFO - Started processing repository -- AlanHohn/antlr4-python with repo id - 4
roroot - INFO - Started processing repository -- nedap/archie with repo id - 305
root - INFO - Started processing repository -- neo4j-contrib/neo4j-apoc-procedroot - INFO - Started prroot - INFO - Started processing repository -- nielsbasjes/logroot - INFO - Started processing repository -- Blazebit/blaze-persistence with repo id - 8
root - INFO - Started processing repository -- Borisvl/bigbash with repo id - 9
root - INFO - Started processing repository -- CST-Group/cst with repo id - 10
root - INFO - Started processing repository -- CallForSanity/Gaalop with repo id - 11
root - INFO - Started processing repository -- CampagneLaboratory/ANTLR_MPS with repo id - 12
root - INFO - Started processing repository -- CategoricalData/CQL with repo id - 13
root - INFO - Started processing repository -- Chris2011/DotNetCore-for-NetBeans with repo id - 14
root - INFO - Started processing repository -- ChronixDB/chronix.server with repo id - 15
root - INFO - Started processing repository -- ClemsonRSRG/RESOLVE with repo id - 16
root - INFO - Started processing repository -- CodeKaio/gaia with repo id - 17
root - INFO - Started processing repository -- CodeNeedWho/JsDroidMobile with repo id - 18
root - INFO - Started processing repository -- Cognifide/APM with repo id - 19
root - INFO - Started processing repository -- Comcast/Oscar with repo id - 20
root - INFO - Started processing repository -- CompEvol/beast2 with repo id - 21
t/yangtools with repo id - 321
root - INFO - Started processing repository -- opendistro-for-elasticsearch/sql with repo id - 322
root - INFO - Started processing repository -- openstack/monasca-common with repo id - 323
root - INFO - Started processing repository -- openvalidation/openvalidation with repo id - 324
root - INFO - Started processing repository -- oracle/graal with repo id - 325
